Determining if the pthread_create exist failed with the following output:
Change Dir: /home/sergei/Desktop/hunterproject/cmake-build-debug/CMakeFiles/CMakeTmp

Run Build Command(s):/usr/bin/make cmTC_95541/fast 
make[1]: вход в каталог «/home/sergei/Desktop/hunterproject/cmake-build-debug/CMakeFiles/CMakeTmp»
/usr/bin/make -f CMakeFiles/cmTC_95541.dir/build.make CMakeFiles/cmTC_95541.dir/build
make[2]: вход в каталог «/home/sergei/Desktop/hunterproject/cmake-build-debug/CMakeFiles/CMakeTmp»
Building C object CMakeFiles/cmTC_95541.dir/CheckSymbolExists.c.o
/usr/bin/cc    -o CMakeFiles/cmTC_95541.dir/CheckSymbolExists.c.o   -c /home/sergei/Desktop/hunterproject/cmake-build-debug/CMakeFiles/CMakeTmp/CheckSymbolExists.c
Linking C executable cmTC_95541
/home/sergei/Desktop/clion-2019.2.1/bin/cmake/linux/bin/cmake -E cmake_link_script CMakeFiles/cmTC_95541.dir/link.txt --verbose=1
/usr/bin/cc      CMakeFiles/cmTC_95541.dir/CheckSymbolExists.c.o  -o cmTC_95541 
CMakeFiles/cmTC_95541.dir/CheckSymbolExists.c.o: In function `main':
CheckSymbolExists.c:(.text+0x16): undefined reference to `pthread_create'
collect2: error: ld returned 1 exit status
CMakeFiles/cmTC_95541.dir/build.make:86: ошибка выполнения рецепта для цели «cmTC_95541»
make[2]: *** [cmTC_95541] Ошибка 1
make[2]: выход из каталога «/home/sergei/Desktop/hunterproject/cmake-build-debug/CMakeFiles/CMakeTmp»
Makefile:121: ошибка выполнения рецепта для цели «cmTC_95541/fast»
make[1]: *** [cmTC_95541/fast] Ошибка 2
make[1]: выход из каталога «/home/sergei/Desktop/hunterproject/cmake-build-debug/CMakeFiles/CMakeTmp»

File /home/sergei/Desktop/hunterproject/cmake-build-debug/CMakeFiles/CMakeTmp/CheckSymbolExists.c:
/* */
#include <pthread.h>

int main(int argc, char** argv)
{
  (void)argv;
#ifndef pthread_create
  return ((int*)(&pthread_create))[argc];
#else
  (void)argc;
  return 0;
#endif
}

Determining if the function pthread_create exists in the pthreads failed with the following output:
Change Dir: /home/sergei/Desktop/hunterproject/cmake-build-debug/CMakeFiles/CMakeTmp

Run Build Command(s):/usr/bin/make cmTC_088b3/fast 
make[1]: вход в каталог «/home/sergei/Desktop/hunterproject/cmake-build-debug/CMakeFiles/CMakeTmp»
/usr/bin/make -f CMakeFiles/cmTC_088b3.dir/build.make CMakeFiles/cmTC_088b3.dir/build
make[2]: вход в каталог «/home/sergei/Desktop/hunterproject/cmake-build-debug/CMakeFiles/CMakeTmp»
Building C object CMakeFiles/cmTC_088b3.dir/CheckFunctionExists.c.o
/usr/bin/cc   -DCHECK_FUNCTION_EXISTS=pthread_create   -o CMakeFiles/cmTC_088b3.dir/CheckFunctionExists.c.o   -c /home/sergei/Desktop/clion-2019.2.1/bin/cmake/linux/share/cmake-3.14/Modules/CheckFunctionExists.c
Linking C executable cmTC_088b3
/home/sergei/Desktop/clion-2019.2.1/bin/cmake/linux/bin/cmake -E cmake_link_script CMakeFiles/cmTC_088b3.dir/link.txt --verbose=1
/usr/bin/cc  -DCHECK_FUNCTION_EXISTS=pthread_create    CMakeFiles/cmTC_088b3.dir/CheckFunctionExists.c.o  -o cmTC_088b3 -lpthreads 
/usr/bin/ld: cannot find -lpthreads
collect2: error: ld returned 1 exit status
CMakeFiles/cmTC_088b3.dir/build.make:86: ошибка выполнения рецепта для цели «cmTC_088b3»
make[2]: *** [cmTC_088b3] Ошибка 1
make[2]: выход из каталога «/home/sergei/Desktop/hunterproject/cmake-build-debug/CMakeFiles/CMakeTmp»
Makefile:121: ошибка выполнения рецепта для цели «cmTC_088b3/fast»
make[1]: *** [cmTC_088b3/fast] Ошибка 2
make[1]: выход из каталога «/home/sergei/Desktop/hunterproject/cmake-build-debug/CMakeFiles/CMakeTmp»


