Determining if the pthread_create exist failed with the following output:
Change Dir: /home/sergei/Desktop/hunterproject/CMakeFiles/CMakeTmp

Run Build Command:"/usr/bin/make" "cmTC_3e0cd/fast"
/usr/bin/make -f CMakeFiles/cmTC_3e0cd.dir/build.make CMakeFiles/cmTC_3e0cd.dir/build
make[1]: вход в каталог «/home/sergei/Desktop/hunterproject/CMakeFiles/CMakeTmp»
Building C object CMakeFiles/cmTC_3e0cd.dir/CheckSymbolExists.c.o
/usr/bin/cc     -o CMakeFiles/cmTC_3e0cd.dir/CheckSymbolExists.c.o   -c /home/sergei/Desktop/hunterproject/CMakeFiles/CMakeTmp/CheckSymbolExists.c
Linking C executable cmTC_3e0cd
/usr/bin/cmake -E cmake_link_script CMakeFiles/cmTC_3e0cd.dir/link.txt --verbose=1
/usr/bin/cc       CMakeFiles/cmTC_3e0cd.dir/CheckSymbolExists.c.o  -o cmTC_3e0cd 
CMakeFiles/cmTC_3e0cd.dir/CheckSymbolExists.c.o: In function `main':
CheckSymbolExists.c:(.text+0x16): undefined reference to `pthread_create'
collect2: error: ld returned 1 exit status
CMakeFiles/cmTC_3e0cd.dir/build.make:97: ошибка выполнения рецепта для цели «cmTC_3e0cd»
make[1]: *** [cmTC_3e0cd] Ошибка 1
make[1]: выход из каталога «/home/sergei/Desktop/hunterproject/CMakeFiles/CMakeTmp»
Makefile:126: ошибка выполнения рецепта для цели «cmTC_3e0cd/fast»
make: *** [cmTC_3e0cd/fast] Ошибка 2

File /home/sergei/Desktop/hunterproject/CMakeFiles/CMakeTmp/CheckSymbolExists.c:
/* */
#include <pthread.h>

int main(int argc, char** argv)
{
  (void)argv;
#ifndef pthread_create
  return ((int*)(&pthread_create))[argc];
#else
  (void)argc;
  return 0;
#endif
}

Determining if the function pthread_create exists in the pthreads failed with the following output:
Change Dir: /home/sergei/Desktop/hunterproject/CMakeFiles/CMakeTmp

Run Build Command:"/usr/bin/make" "cmTC_01dd5/fast"
/usr/bin/make -f CMakeFiles/cmTC_01dd5.dir/build.make CMakeFiles/cmTC_01dd5.dir/build
make[1]: вход в каталог «/home/sergei/Desktop/hunterproject/CMakeFiles/CMakeTmp»
Building C object CMakeFiles/cmTC_01dd5.dir/CheckFunctionExists.c.o
/usr/bin/cc    -DCHECK_FUNCTION_EXISTS=pthread_create   -o CMakeFiles/cmTC_01dd5.dir/CheckFunctionExists.c.o   -c /usr/share/cmake-3.5/Modules/CheckFunctionExists.c
Linking C executable cmTC_01dd5
/usr/bin/cmake -E cmake_link_script CMakeFiles/cmTC_01dd5.dir/link.txt --verbose=1
/usr/bin/cc   -DCHECK_FUNCTION_EXISTS=pthread_create    CMakeFiles/cmTC_01dd5.dir/CheckFunctionExists.c.o  -o cmTC_01dd5 -lpthreads 
/usr/bin/ld: cannot find -lpthreads
collect2: error: ld returned 1 exit status
CMakeFiles/cmTC_01dd5.dir/build.make:97: ошибка выполнения рецепта для цели «cmTC_01dd5»
make[1]: *** [cmTC_01dd5] Ошибка 1
make[1]: выход из каталога «/home/sergei/Desktop/hunterproject/CMakeFiles/CMakeTmp»
Makefile:126: ошибка выполнения рецепта для цели «cmTC_01dd5/fast»
make: *** [cmTC_01dd5/fast] Ошибка 2


